{"/Users/administrator/WebstormProjects/todo-app/backend/src/app.ts": {"path":"/Users/administrator/WebstormProjects/todo-app/backend/src/app.ts","statementMap":{"0":{"start":{"line":1,"column":0},"end":{"line":1,"column":67}},"1":{"start":{"line":2,"column":0},"end":{"line":2,"column":37}},"2":{"start":{"line":4,"column":0},"end":{"line":4,"column":46}},"3":{"start":{"line":5,"column":0},"end":{"line":5,"column":61}},"4":{"start":{"line":6,"column":0},"end":{"line":6,"column":46}},"5":{"start":{"line":7,"column":0},"end":{"line":7,"column":22}},"6":{"start":{"line":16,"column":8},"end":{"line":16,"column":29}},"7":{"start":{"line":17,"column":8},"end":{"line":17,"column":51}},"8":{"start":{"line":18,"column":8},"end":{"line":18,"column":38}},"9":{"start":{"line":19,"column":8},"end":{"line":19,"column":45}},"10":{"start":{"line":20,"column":8},"end":{"line":20,"column":30}},"11":{"start":{"line":21,"column":8},"end":{"line":21,"column":47}},"12":{"start":{"line":22,"column":8},"end":{"line":22,"column":38}},"13":{"start":{"line":27,"column":8},"end":{"line":27,"column":45}},"14":{"start":{"line":31,"column":8},"end":{"line":35,"column":11}},"15":{"start":{"line":32,"column":12},"end":{"line":32,"column":48}},"16":{"start":{"line":33,"column":12},"end":{"line":33,"column":69}},"17":{"start":{"line":34,"column":12},"end":{"line":34,"column":22}},"18":{"start":{"line":40,"column":8},"end":{"line":40,"column":40}},"19":{"start":{"line":41,"column":8},"end":{"line":41,"column":64}},"20":{"start":{"line":49,"column":8},"end":{"line":49,"column":59}},"21":{"start":{"line":50,"column":8},"end":{"line":50,"column":81}},"22":{"start":{"line":51,"column":8},"end":{"line":51,"column":86}},"23":{"start":{"line":52,"column":8},"end":{"line":52,"column":17}},"24":{"start":{"line":56,"column":0},"end":{"line":56,"column":29}}},"fnMap":{"0":{"name":"(anonymous_1)","decl":{"start":{"line":15,"column":4},"end":{"line":15,"column":null}},"loc":{"start":{"line":15,"column":4},"end":{"line":23,"column":5}}},"1":{"name":"(anonymous_2)","decl":{"start":{"line":26,"column":12},"end":{"line":26,"column":26}},"loc":{"start":{"line":26,"column":26},"end":{"line":28,"column":5}}},"2":{"name":"(anonymous_3)","decl":{"start":{"line":30,"column":12},"end":{"line":30,"column":43}},"loc":{"start":{"line":30,"column":43},"end":{"line":36,"column":5}}},"3":{"name":"(anonymous_4)","decl":{"start":{"line":31,"column":21},"end":{"line":31,"column":22}},"loc":{"start":{"line":31,"column":83},"end":{"line":35,"column":9}}},"4":{"name":"(anonymous_5)","decl":{"start":{"line":39,"column":12},"end":{"line":39,"column":41}},"loc":{"start":{"line":39,"column":41},"end":{"line":42,"column":5}}},"5":{"name":"(anonymous_6)","decl":{"start":{"line":48,"column":12},"end":{"line":48,"column":34}},"loc":{"start":{"line":48,"column":85},"end":{"line":53,"column":5}}}},"branchMap":{"0":{"loc":{"start":{"line":49,"column":8},"end":{"line":49,"column":58}},"type":"cond-expr","locations":[{"start":{"line":49,"column":11},"end":{"line":49,"column":13}},{"start":{"line":49,"column":8},"end":{"line":49,"column":58}}]},"1":{"loc":{"start":{"line":49,"column":8},"end":{"line":49,"column":13}},"type":"binary-expr","locations":[{"start":{"line":49,"column":8},"end":{"line":49,"column":13}},{"start":{"line":49,"column":8},"end":{"line":49,"column":13}}]},"2":{"loc":{"start":{"line":50,"column":8},"end":{"line":50,"column":80}},"type":"cond-expr","locations":[{"start":{"line":50,"column":11},"end":{"line":50,"column":13}},{"start":{"line":50,"column":8},"end":{"line":50,"column":80}}]},"3":{"loc":{"start":{"line":50,"column":8},"end":{"line":50,"column":13}},"type":"binary-expr","locations":[{"start":{"line":50,"column":8},"end":{"line":50,"column":13}},{"start":{"line":50,"column":8},"end":{"line":50,"column":13}}]},"4":{"loc":{"start":{"line":51,"column":8},"end":{"line":51,"column":85}},"type":"cond-expr","locations":[{"start":{"line":51,"column":11},"end":{"line":51,"column":13}},{"start":{"line":51,"column":8},"end":{"line":51,"column":85}}]},"5":{"loc":{"start":{"line":51,"column":8},"end":{"line":51,"column":13}},"type":"binary-expr","locations":[{"start":{"line":51,"column":8},"end":{"line":51,"column":13}},{"start":{"line":51,"column":8},"end":{"line":51,"column":13}}]},"6":{"loc":{"start":{"line":52,"column":8},"end":{"line":52,"column":16}},"type":"cond-expr","locations":[{"start":{"line":52,"column":12},"end":{"line":52,"column":16}},{"start":{"line":52,"column":8},"end":{"line":52,"column":16}}]},"7":{"loc":{"start":{"line":52,"column":8},"end":{"line":52,"column":16}},"type":"binary-expr","locations":[{"start":{"line":52,"column":8},"end":{"line":52,"column":16}},{"start":{"line":52,"column":8},"end":{"line":52,"column":16}}]}},"s":{"0":0,"1":0,"2":0,"3":0,"4":0,"5":0,"6":0,"7":0,"8":0,"9":0,"10":0,"11":0,"12":0,"13":0,"14":0,"15":0,"16":0,"17":0,"18":0,"19":0,"20":0,"21":0,"22":0,"23":0,"24":0},"f":{"0":0,"1":0,"2":0,"3":0,"4":0,"5":0},"b":{"0":[0,0],"1":[0,0],"2":[0,0],"3":[0,0],"4":[0,0],"5":[0,0],"6":[0,0],"7":[0,0]}}
,"/Users/administrator/WebstormProjects/todo-app/backend/src/index.ts": {"path":"/Users/administrator/WebstormProjects/todo-app/backend/src/index.ts","statementMap":{"0":{"start":{"line":1,"column":0},"end":{"line":1,"column":26}},"1":{"start":{"line":2,"column":0},"end":{"line":2,"column":29}},"2":{"start":{"line":4,"column":0},"end":{"line":4,"column":24}},"3":{"start":{"line":5,"column":0},"end":{"line":5,"column":46}},"4":{"start":{"line":7,"column":13},"end":{"line":7,"column":37}},"5":{"start":{"line":9,"column":0},"end":{"line":9,"column":22}},"6":{"start":{"line":10,"column":15},"end":{"line":10,"column":37}},"7":{"start":{"line":11,"column":0},"end":{"line":11,"column":20}},"8":{"start":{"line":13,"column":15},"end":{"line":13,"column":30}},"9":{"start":{"line":15,"column":0},"end":{"line":19,"column":3}},"10":{"start":{"line":16,"column":17},"end":{"line":16,"column":33}},"11":{"start":{"line":17,"column":17},"end":{"line":17,"column":82}},"12":{"start":{"line":18,"column":4},"end":{"line":18,"column":46}},"13":{"start":{"line":21,"column":0},"end":{"line":21,"column":21}}},"fnMap":{"0":{"name":"(anonymous_7)","decl":{"start":{"line":15,"column":23},"end":{"line":15,"column":null}},"loc":{"start":{"line":15,"column":23},"end":{"line":19,"column":1}}}},"branchMap":{"0":{"loc":{"start":{"line":7,"column":13},"end":{"line":7,"column":37}},"type":"binary-expr","locations":[{"start":{"line":7,"column":13},"end":{"line":7,"column":29}},{"start":{"line":7,"column":33},"end":{"line":7,"column":37}}]},"1":{"loc":{"start":{"line":17,"column":17},"end":{"line":17,"column":82}},"type":"cond-expr","locations":[{"start":{"line":17,"column":46},"end":{"line":17,"column":60}},{"start":{"line":17,"column":63},"end":{"line":17,"column":82}}]}},"s":{"0":0,"1":0,"2":0,"3":0,"4":0,"5":0,"6":0,"7":0,"8":0,"9":0,"10":0,"11":0,"12":0,"13":0},"f":{"0":0},"b":{"0":[0,0],"1":[0,0]}}
,"/Users/administrator/WebstormProjects/todo-app/backend/src/constants/error.messages.ts": {"path":"/Users/administrator/WebstormProjects/todo-app/backend/src/constants/error.messages.ts","statementMap":{"0":{"start":{"line":1,"column":13},"end":{"line":9,"column":2}}},"fnMap":{},"branchMap":{},"s":{"0":3},"f":{},"b":{}}
,"/Users/administrator/WebstormProjects/todo-app/backend/src/controllers/task.controller.ts": {"path":"/Users/administrator/WebstormProjects/todo-app/backend/src/controllers/task.controller.ts","statementMap":{"0":{"start":{"line":3,"column":0},"end":{"line":3,"column":49}},"1":{"start":{"line":4,"column":0},"end":{"line":4,"column":63}},"2":{"start":{"line":5,"column":0},"end":{"line":5,"column":60}},"3":{"start":{"line":23,"column":4},"end":{"line":31,"column":6}},"4":{"start":{"line":24,"column":8},"end":{"line":30,"column":9}},"5":{"start":{"line":25,"column":34},"end":{"line":25,"column":73}},"6":{"start":{"line":26,"column":12},"end":{"line":26,"column":50}},"7":{"start":{"line":28,"column":12},"end":{"line":28,"column":70}},"8":{"start":{"line":29,"column":12},"end":{"line":29,"column":77}},"9":{"start":{"line":43,"column":4},"end":{"line":58,"column":6}},"10":{"start":{"line":44,"column":31},"end":{"line":44,"column":44}},"11":{"start":{"line":46,"column":8},"end":{"line":57,"column":9}},"12":{"start":{"line":47,"column":38},"end":{"line":47,"column":83}},"13":{"start":{"line":48,"column":12},"end":{"line":53,"column":13}},"14":{"start":{"line":49,"column":16},"end":{"line":49,"column":53}},"15":{"start":{"line":51,"column":16},"end":{"line":51,"column":73}},"16":{"start":{"line":52,"column":16},"end":{"line":52,"column":80}},"17":{"start":{"line":55,"column":12},"end":{"line":55,"column":70}},"18":{"start":{"line":56,"column":12},"end":{"line":56,"column":77}},"19":{"start":{"line":70,"column":4},"end":{"line":81,"column":6}},"20":{"start":{"line":71,"column":27},"end":{"line":71,"column":35}},"21":{"start":{"line":72,"column":8},"end":{"line":80,"column":9}},"22":{"start":{"line":73,"column":39},"end":{"line":73,"column":81}},"23":{"start":{"line":74,"column":37},"end":{"line":74,"column":76}},"24":{"start":{"line":76,"column":12},"end":{"line":76,"column":90}},"25":{"start":{"line":78,"column":12},"end":{"line":78,"column":70}},"26":{"start":{"line":79,"column":12},"end":{"line":79,"column":77}},"27":{"start":{"line":94,"column":4},"end":{"line":109,"column":6}},"28":{"start":{"line":95,"column":31},"end":{"line":95,"column":44}},"29":{"start":{"line":96,"column":34},"end":{"line":96,"column":42}},"30":{"start":{"line":98,"column":8},"end":{"line":108,"column":9}},"31":{"start":{"line":99,"column":45},"end":{"line":99,"column":102}},"32":{"start":{"line":100,"column":12},"end":{"line":104,"column":13}},"33":{"start":{"line":101,"column":16},"end":{"line":101,"column":60}},"34":{"start":{"line":103,"column":16},"end":{"line":103,"column":66}},"35":{"start":{"line":106,"column":12},"end":{"line":106,"column":70}},"36":{"start":{"line":107,"column":12},"end":{"line":107,"column":77}},"37":{"start":{"line":121,"column":4},"end":{"line":131,"column":6}},"38":{"start":{"line":122,"column":31},"end":{"line":122,"column":44}},"39":{"start":{"line":124,"column":8},"end":{"line":130,"column":9}},"40":{"start":{"line":125,"column":12},"end":{"line":125,"column":57}},"41":{"start":{"line":126,"column":12},"end":{"line":126,"column":47}},"42":{"start":{"line":128,"column":12},"end":{"line":128,"column":68}},"43":{"start":{"line":129,"column":12},"end":{"line":129,"column":77}},"44":{"start":{"line":12,"column":8},"end":{"line":12,"column":38}},"45":{"start":{"line":13,"column":8},"end":{"line":13,"column":51}},"46":{"start":{"line":7,"column":0},"end":{"line":7,"column":13}}},"fnMap":{"0":{"name":"(anonymous_0)","decl":{"start":{"line":11,"column":4},"end":{"line":11,"column":null}},"loc":{"start":{"line":11,"column":4},"end":{"line":14,"column":5}}},"1":{"name":"(anonymous_1)","decl":{"start":{"line":23,"column":18},"end":{"line":23,"column":23}},"loc":{"start":{"line":23,"column":71},"end":{"line":31,"column":5}}},"2":{"name":"(anonymous_2)","decl":{"start":{"line":43,"column":18},"end":{"line":43,"column":23}},"loc":{"start":{"line":43,"column":71},"end":{"line":58,"column":5}}},"3":{"name":"(anonymous_3)","decl":{"start":{"line":70,"column":17},"end":{"line":70,"column":22}},"loc":{"start":{"line":70,"column":70},"end":{"line":81,"column":5}}},"4":{"name":"(anonymous_4)","decl":{"start":{"line":94,"column":17},"end":{"line":94,"column":22}},"loc":{"start":{"line":94,"column":70},"end":{"line":109,"column":5}}},"5":{"name":"(anonymous_5)","decl":{"start":{"line":121,"column":17},"end":{"line":121,"column":22}},"loc":{"start":{"line":121,"column":70},"end":{"line":131,"column":5}}}},"branchMap":{"0":{"loc":{"start":{"line":48,"column":12},"end":{"line":53,"column":13}},"type":"if","locations":[{"start":{"line":48,"column":12},"end":{"line":53,"column":13}},{"start":{"line":50,"column":19},"end":{"line":53,"column":13}}]},"1":{"loc":{"start":{"line":100,"column":12},"end":{"line":104,"column":13}},"type":"if","locations":[{"start":{"line":100,"column":12},"end":{"line":104,"column":13}},{"start":{"line":102,"column":19},"end":{"line":104,"column":13}}]}},"s":{"0":1,"1":1,"2":1,"3":2,"4":0,"5":0,"6":0,"7":0,"8":0,"9":2,"10":0,"11":0,"12":0,"13":0,"14":0,"15":0,"16":0,"17":0,"18":0,"19":2,"20":2,"21":2,"22":2,"23":1,"24":1,"25":1,"26":1,"27":2,"28":0,"29":0,"30":0,"31":0,"32":0,"33":0,"34":0,"35":0,"36":0,"37":2,"38":0,"39":0,"40":0,"41":0,"42":0,"43":0,"44":2,"45":2,"46":1},"f":{"0":2,"1":0,"2":0,"3":2,"4":0,"5":0},"b":{"0":[0,0],"1":[0,0]}}
,"/Users/administrator/WebstormProjects/todo-app/backend/src/db/database.ts": {"path":"/Users/administrator/WebstormProjects/todo-app/backend/src/db/database.ts","statementMap":{"0":{"start":{"line":1,"column":0},"end":{"line":1,"column":45}},"1":{"start":{"line":3,"column":15},"end":{"line":3,"column":33}},"2":{"start":{"line":9,"column":0},"end":{"line":17,"column":null}},"3":{"start":{"line":11,"column":8},"end":{"line":11,"column":null}},"4":{"start":{"line":14,"column":8},"end":{"line":14,"column":null}},"5":{"start":{"line":15,"column":8},"end":{"line":15,"column":null}},"6":{"start":{"line":16,"column":8},"end":{"line":16,"column":null}}},"fnMap":{"0":{"name":"main","decl":{"start":{"line":5,"column":15},"end":{"line":5,"column":19}},"loc":{"start":{"line":5,"column":19},"end":{"line":7,"column":1}}},"1":{"name":"(anonymous_1)","decl":{"start":{"line":10,"column":10},"end":{"line":10,"column":15}},"loc":{"start":{"line":10,"column":21},"end":{"line":12,"column":5}}},"2":{"name":"(anonymous_2)","decl":{"start":{"line":13,"column":11},"end":{"line":13,"column":16}},"loc":{"start":{"line":13,"column":23},"end":{"line":17,"column":5}}}},"branchMap":{},"s":{"0":0,"1":0,"2":0,"3":0,"4":0,"5":0,"6":0},"f":{"0":0,"1":0,"2":0},"b":{}}
,"/Users/administrator/WebstormProjects/todo-app/backend/src/error/database.error.ts": {"path":"/Users/administrator/WebstormProjects/todo-app/backend/src/error/database.error.ts","statementMap":{"0":{"start":{"line":3,"column":8},"end":{"line":3,"column":23}},"1":{"start":{"line":4,"column":8},"end":{"line":4,"column":36}},"2":{"start":{"line":1,"column":0},"end":{"line":1,"column":13}}},"fnMap":{"0":{"name":"(anonymous_0)","decl":{"start":{"line":2,"column":4},"end":{"line":2,"column":16}},"loc":{"start":{"line":2,"column":31},"end":{"line":5,"column":5}}}},"branchMap":{},"s":{"0":5,"1":5,"2":3},"f":{"0":5},"b":{}}
,"/Users/administrator/WebstormProjects/todo-app/backend/src/logger/api.logger.ts": {"path":"/Users/administrator/WebstormProjects/todo-app/backend/src/logger/api.logger.ts","statementMap":{"0":{"start":{"line":1,"column":0},"end":{"line":1,"column":60}},"1":{"start":{"line":4,"column":17},"end":{"line":4,"column":48}},"2":{"start":{"line":7,"column":15},"end":{"line":18,"column":2}},"3":{"start":{"line":12,"column":12},"end":{"line":12,"column":71}},"4":{"start":{"line":23,"column":8},"end":{"line":23,"column":85}},"5":{"start":{"line":27,"column":27},"end":{"line":27,"column":51}},"6":{"start":{"line":28,"column":26},"end":{"line":28,"column":82}},"7":{"start":{"line":29,"column":30},"end":{"line":29,"column":66}},"8":{"start":{"line":30,"column":25},"end":{"line":30,"column":62}},"9":{"start":{"line":32,"column":8},"end":{"line":32,"column":44}},"10":{"start":{"line":33,"column":8},"end":{"line":33,"column":61}},"11":{"start":{"line":34,"column":8},"end":{"line":34,"column":29}},"12":{"start":{"line":38,"column":8},"end":{"line":38,"column":80}},"13":{"start":{"line":20,"column":0},"end":{"line":20,"column":13}}},"fnMap":{"0":{"name":"(anonymous_0)","decl":{"start":{"line":11,"column":22},"end":{"line":11,"column":23}},"loc":{"start":{"line":11,"column":56},"end":{"line":13,"column":9}}},"1":{"name":"(anonymous_1)","decl":{"start":{"line":22,"column":11},"end":{"line":22,"column":15}},"loc":{"start":{"line":22,"column":37},"end":{"line":24,"column":5}}},"2":{"name":"(anonymous_2)","decl":{"start":{"line":26,"column":11},"end":{"line":26,"column":16}},"loc":{"start":{"line":26,"column":46},"end":{"line":35,"column":5}}},"3":{"name":"(anonymous_3)","decl":{"start":{"line":37,"column":4},"end":{"line":37,"column":8}},"loc":{"start":{"line":37,"column":47},"end":{"line":39,"column":5}}}},"branchMap":{"0":{"loc":{"start":{"line":4,"column":17},"end":{"line":4,"column":48}},"type":"binary-expr","locations":[{"start":{"line":4,"column":17},"end":{"line":4,"column":38}},{"start":{"line":4,"column":42},"end":{"line":4,"column":48}}]},"1":{"loc":{"start":{"line":23,"column":36},"end":{"line":23,"column":81}},"type":"cond-expr","locations":[{"start":{"line":23,"column":56},"end":{"line":23,"column":76}},{"start":{"line":23,"column":79},"end":{"line":23,"column":81}}]},"2":{"loc":{"start":{"line":27,"column":27},"end":{"line":27,"column":51}},"type":"cond-expr","locations":[{"start":{"line":27,"column":38},"end":{"line":27,"column":40}},{"start":{"line":27,"column":38},"end":{"line":27,"column":51}}]},"3":{"loc":{"start":{"line":27,"column":27},"end":{"line":27,"column":40}},"type":"binary-expr","locations":[{"start":{"line":27,"column":27},"end":{"line":27,"column":40}},{"start":{"line":27,"column":38},"end":{"line":27,"column":40}}]},"4":{"loc":{"start":{"line":28,"column":26},"end":{"line":28,"column":82}},"type":"cond-expr","locations":[{"start":{"line":28,"column":64},"end":{"line":28,"column":77}},{"start":{"line":28,"column":80},"end":{"line":28,"column":82}}]},"5":{"loc":{"start":{"line":28,"column":26},"end":{"line":28,"column":61}},"type":"binary-expr","locations":[{"start":{"line":28,"column":26},"end":{"line":28,"column":36}},{"start":{"line":28,"column":40},"end":{"line":28,"column":61}}]},"6":{"loc":{"start":{"line":30,"column":25},"end":{"line":30,"column":62}},"type":"cond-expr","locations":[{"start":{"line":30,"column":41},"end":{"line":30,"column":57}},{"start":{"line":30,"column":60},"end":{"line":30,"column":62}}]}},"s":{"0":3,"1":3,"2":3,"3":0,"4":0,"5":6,"6":6,"7":6,"8":6,"9":6,"10":6,"11":6,"12":0,"13":3},"f":{"0":0,"1":0,"2":6,"3":0},"b":{"0":[3,3],"1":[0,0],"2":[0,6],"3":[6,6],"4":[6,0],"5":[6,6],"6":[5,1]}}
,"/Users/administrator/WebstormProjects/todo-app/backend/src/repository/task.repository.ts": {"path":"/Users/administrator/WebstormProjects/todo-app/backend/src/repository/task.repository.ts","statementMap":{"0":{"start":{"line":1,"column":0},"end":{"line":1,"column":52}},"1":{"start":{"line":2,"column":0},"end":{"line":2,"column":49}},"2":{"start":{"line":3,"column":0},"end":{"line":3,"column":54}},"3":{"start":{"line":4,"column":0},"end":{"line":4,"column":58}},"4":{"start":{"line":11,"column":8},"end":{"line":11,"column":38}},"5":{"start":{"line":12,"column":8},"end":{"line":12,"column":50}},"6":{"start":{"line":16,"column":8},"end":{"line":21,"column":9}},"7":{"start":{"line":17,"column":12},"end":{"line":17,"column":53}},"8":{"start":{"line":19,"column":12},"end":{"line":19,"column":67}},"9":{"start":{"line":20,"column":12},"end":{"line":20,"column":66}},"10":{"start":{"line":25,"column":8},"end":{"line":32,"column":9}},"11":{"start":{"line":26,"column":12},"end":{"line":28,"column":15}},"12":{"start":{"line":30,"column":12},"end":{"line":30,"column":67}},"13":{"start":{"line":31,"column":12},"end":{"line":31,"column":66}},"14":{"start":{"line":36,"column":8},"end":{"line":43,"column":9}},"15":{"start":{"line":37,"column":12},"end":{"line":39,"column":15}},"16":{"start":{"line":41,"column":12},"end":{"line":41,"column":68}},"17":{"start":{"line":42,"column":12},"end":{"line":42,"column":67}},"18":{"start":{"line":47,"column":8},"end":{"line":55,"column":9}},"19":{"start":{"line":48,"column":12},"end":{"line":51,"column":15}},"20":{"start":{"line":53,"column":12},"end":{"line":53,"column":68}},"21":{"start":{"line":54,"column":12},"end":{"line":54,"column":67}},"22":{"start":{"line":59,"column":8},"end":{"line":64,"column":9}},"23":{"start":{"line":60,"column":12},"end":{"line":60,"column":68}},"24":{"start":{"line":62,"column":12},"end":{"line":62,"column":68}},"25":{"start":{"line":63,"column":12},"end":{"line":63,"column":67}},"26":{"start":{"line":6,"column":0},"end":{"line":6,"column":13}}},"fnMap":{"0":{"name":"(anonymous_0)","decl":{"start":{"line":10,"column":4},"end":{"line":10,"column":null}},"loc":{"start":{"line":10,"column":4},"end":{"line":13,"column":5}}},"1":{"name":"(anonymous_1)","decl":{"start":{"line":15,"column":4},"end":{"line":15,"column":9}},"loc":{"start":{"line":15,"column":21},"end":{"line":22,"column":5}}},"2":{"name":"(anonymous_2)","decl":{"start":{"line":24,"column":4},"end":{"line":24,"column":9}},"loc":{"start":{"line":24,"column":36},"end":{"line":33,"column":5}}},"3":{"name":"(anonymous_3)","decl":{"start":{"line":35,"column":4},"end":{"line":35,"column":9}},"loc":{"start":{"line":35,"column":31},"end":{"line":44,"column":5}}},"4":{"name":"(anonymous_4)","decl":{"start":{"line":46,"column":4},"end":{"line":46,"column":9}},"loc":{"start":{"line":46,"column":54},"end":{"line":56,"column":5}}},"5":{"name":"(anonymous_5)","decl":{"start":{"line":58,"column":4},"end":{"line":58,"column":9}},"loc":{"start":{"line":58,"column":35},"end":{"line":65,"column":5}}}},"branchMap":{},"s":{"0":3,"1":3,"2":3,"3":3,"4":14,"5":14,"6":2,"7":2,"8":0,"9":0,"10":5,"11":5,"12":1,"13":1,"14":5,"15":5,"16":2,"17":2,"18":2,"19":2,"20":1,"21":1,"22":3,"23":3,"24":1,"25":1,"26":3},"f":{"0":14,"1":2,"2":5,"3":5,"4":2,"5":3},"b":{}}
,"/Users/administrator/WebstormProjects/todo-app/backend/src/routes/task.routes.ts": {"path":"/Users/administrator/WebstormProjects/todo-app/backend/src/routes/task.routes.ts","statementMap":{"0":{"start":{"line":1,"column":0},"end":{"line":1,"column":26}},"1":{"start":{"line":2,"column":0},"end":{"line":2,"column":61}},"2":{"start":{"line":4,"column":0},"end":{"line":4,"column":64}},"3":{"start":{"line":6,"column":23},"end":{"line":6,"column":39}},"4":{"start":{"line":7,"column":23},"end":{"line":7,"column":43}},"5":{"start":{"line":15,"column":28},"end":{"line":21,"column":2}},"6":{"start":{"line":23,"column":0},"end":{"line":26,"column":3}},"7":{"start":{"line":24,"column":38},"end":{"line":24,"column":43}},"8":{"start":{"line":25,"column":4},"end":{"line":25,"column":34}},"9":{"start":{"line":28,"column":0},"end":{"line":28,"column":22}}},"fnMap":{"0":{"name":"(anonymous_1)","decl":{"start":{"line":23,"column":19},"end":{"line":23,"column":20}},"loc":{"start":{"line":23,"column":36},"end":{"line":26,"column":1}}}},"branchMap":{},"s":{"0":0,"1":0,"2":0,"3":0,"4":0,"5":0,"6":0,"7":0,"8":0,"9":0},"f":{"0":0},"b":{}}
}
